Using pre-set license
Built from '2021.3/staging' branch; Version is '2021.3.3f1 (af2e63e8f9bd) revision 11480675'; Using compiler version '192829333'; Build Type 'Release'
OS: 'Windows 10  (10.0.19044) 64bit CoreSingleLanguage' Language: 'en' Physical Memory: 32671 MB
BatchMode: 1, IsHumanControllingUs: 0, StartBugReporterOnCrash: 0, Is64bit: 1, IsPro: 1

COMMAND LINE ARGUMENTS:
C:\Program Files\Unity\Hub\Editor\2021.3.3f1\Editor\Unity.exe
-adb2
-batchMode
-noUpm
-name
AssetImportWorker2
-projectPath
D:/Game Project 2021/MiniGolf/MiniGolfProject
-logFile
Logs/AssetImportWorker2.log
-srvPort
56686
Successfully changed project path to: D:/Game Project 2021/MiniGolf/MiniGolfProject
D:/Game Project 2021/MiniGolf/MiniGolfProject
[UnityMemory] Configuration Parameters - Can be set up in boot.config
    "memorysetup-bucket-allocator-granularity=16"
    "memorysetup-bucket-allocator-bucket-count=8"
    "memorysetup-bucket-allocator-block-size=33554432"
    "memorysetup-bucket-allocator-block-count=8"
    "memorysetup-main-allocator-block-size=16777216"
    "memorysetup-thread-allocator-block-size=16777216"
    "memorysetup-gfx-main-allocator-block-size=16777216"
    "memorysetup-gfx-thread-allocator-block-size=16777216"
    "memorysetup-cache-allocator-block-size=4194304"
    "memorysetup-typetree-allocator-block-size=2097152"
    "memorysetup-profiler-bucket-allocator-granularity=16"
    "memorysetup-profiler-bucket-allocator-bucket-count=8"
    "memorysetup-profiler-bucket-allocator-block-size=33554432"
    "memorysetup-profiler-bucket-allocator-block-count=8"
    "memorysetup-profiler-allocator-block-size=16777216"
    "memorysetup-profiler-editor-allocator-block-size=1048576"
    "memorysetup-temp-allocator-size-main=16777216"
    "memorysetup-job-temp-allocator-block-size=2097152"
    "memorysetup-job-temp-allocator-block-size-background=1048576"
    "memorysetup-job-temp-allocator-reduction-small-platforms=262144"
    "memorysetup-temp-allocator-size-background-worker=32768"
    "memorysetup-temp-allocator-size-job-worker=262144"
    "memorysetup-temp-allocator-size-preload-manager=33554432"
    "memorysetup-temp-allocator-size-nav-mesh-worker=65536"
    "memorysetup-temp-allocator-size-audio-worker=65536"
    "memorysetup-temp-allocator-size-cloud-worker=32768"
    "memorysetup-temp-allocator-size-gi-baking-worker=262144"
    "memorysetup-temp-allocator-size-gfx=262144"
Refreshing native plugins compatible for Editor in 109.66 ms, found 3 plugins.
Preloading 0 native plugins for Editor in 0.00 ms.
Initialize engine version: 2021.3.3f1 (af2e63e8f9bd)
[Subsystems] Discovering subsystems at path C:/Program Files/Unity/Hub/Editor/2021.3.3f1/Editor/Data/Resources/UnitySubsystems
[Subsystems] Discovering subsystems at path D:/Game Project 2021/MiniGolf/MiniGolfProject/Assets
GfxDevice: creating device client; threaded=0; jobified=0
Direct3D:
    Version:  Direct3D 11.0 [level 11.1]
    Renderer: NVIDIA GeForce GTX 1070 (ID=0x1be1)
    Vendor:   NVIDIA
    VRAM:     8081 MB
    Driver:   30.0.15.1215
Initialize mono
Mono path[0] = 'C:/Program Files/Unity/Hub/Editor/2021.3.3f1/Editor/Data/Managed'
Mono path[1] = 'C:/Program Files/Unity/Hub/Editor/2021.3.3f1/Editor/Data/MonoBleedingEdge/lib/mono/unityjit-win32'
Mono config path = 'C:/Program Files/Unity/Hub/Editor/2021.3.3f1/Editor/Data/MonoBleedingEdge/etc'
Using monoOptions --debugger-agent=transport=dt_socket,embedding=1,server=y,suspend=n,address=127.0.0.1:56880
Begin MonoManager ReloadAssembly
Registering precompiled unity dll's ...
Register platform support module: C:/Program Files/Unity/Hub/Editor/2021.3.3f1/Editor/Data/PlaybackEngines/WindowsStandaloneSupport/UnityEditor.WindowsStandalone.Extensions.dll
Registered in 0.009374 seconds.
Native extension for WindowsStandalone target not found
Refreshing native plugins compatible for Editor in 108.32 ms, found 3 plugins.
Preloading 0 native plugins for Editor in 0.00 ms.
Mono: successfully reloaded assembly
- Completed reload, in  0.870 seconds
Domain Reload Profiling:
	ReloadAssembly (871ms)
		BeginReloadAssembly (106ms)
			ExecutionOrderSort (0ms)
			DisableScriptedObjects (0ms)
			BackupInstance (0ms)
			ReleaseScriptingObjects (0ms)
			CreateAndSetChildDomain (1ms)
		EndReloadAssembly (615ms)
			LoadAssemblies (104ms)
			RebuildTransferFunctionScriptingTraits (0ms)
			SetupTypeCache (188ms)
			ReleaseScriptCaches (0ms)
			RebuildScriptCaches (40ms)
			SetupLoadedEditorAssemblies (314ms)
				LogAssemblyErrors (0ms)
				InitializePlatformSupportModulesInManaged (13ms)
				SetLoadedEditorAssemblies (0ms)
				RefreshPlugins (108ms)
				BeforeProcessingInitializeOnLoad (2ms)
				ProcessInitializeOnLoadAttributes (145ms)
				ProcessInitializeOnLoadMethodAttributes (46ms)
				AfterProcessingInitializeOnLoad (0ms)
				EditorAssembliesLoaded (0ms)
			ExecutionOrderSort2 (0ms)
			AwakeInstancesAfterBackupRestoration (0ms)
Platform modules already initialized, skipping
Registering precompiled user dll's ...
Registered in 0.005658 seconds.
Begin MonoManager ReloadAssembly
Symbol file LoadedFromMemory doesn't match image D:\Game Project 2021\MiniGolf\MiniGolfProject\Library\PackageCache\com.unity.visualscripting@1.7.6\Editor\VisualScripting.Core\Dependencies\YamlDotNet\Unity.VisualScripting.YamlDotNet.dll
Symbol file LoadedFromMemory doesn't match image D:\Game Project 2021\MiniGolf\MiniGolfProject\Library\PackageCache\com.unity.visualscripting@1.7.6\Editor\VisualScripting.Core\Dependencies\DotNetZip\Unity.VisualScripting.IonicZip.dll
Native extension for WindowsStandalone target not found
Refreshing native plugins compatible for Editor in 0.55 ms, found 3 plugins.
Preloading 0 native plugins for Editor in 0.00 ms.
Mono: successfully reloaded assembly
- Completed reload, in  1.015 seconds
Domain Reload Profiling:
	ReloadAssembly (1016ms)
		BeginReloadAssembly (111ms)
			ExecutionOrderSort (0ms)
			DisableScriptedObjects (6ms)
			BackupInstance (0ms)
			ReleaseScriptingObjects (0ms)
			CreateAndSetChildDomain (19ms)
		EndReloadAssembly (789ms)
			LoadAssemblies (86ms)
			RebuildTransferFunctionScriptingTraits (0ms)
			SetupTypeCache (260ms)
			ReleaseScriptCaches (1ms)
			RebuildScriptCaches (48ms)
			SetupLoadedEditorAssemblies (360ms)
				LogAssemblyErrors (0ms)
				InitializePlatformSupportModulesInManaged (6ms)
				SetLoadedEditorAssemblies (0ms)
				RefreshPlugins (1ms)
				BeforeProcessingInitializeOnLoad (89ms)
				ProcessInitializeOnLoadAttributes (229ms)
				ProcessInitializeOnLoadMethodAttributes (27ms)
				AfterProcessingInitializeOnLoad (8ms)
				EditorAssembliesLoaded (0ms)
			ExecutionOrderSort2 (0ms)
			AwakeInstancesAfterBackupRestoration (6ms)
Platform modules already initialized, skipping
========================================================================
Worker process is ready to serve import requests
Launched and connected shader compiler UnityShaderCompiler.exe after 0.10 seconds
Refreshing native plugins compatible for Editor in 0.70 ms, found 3 plugins.
Preloading 0 native plugins for Editor in 0.00 ms.
Unloading 3374 Unused Serialized files (Serialized files now loaded: 0)
Unloading 26 unused Assets / (112.3 KB). Loaded Objects now: 3833.
Memory consumption went from 118.1 MB to 117.9 MB.
Total: 3.937100 ms (FindLiveObjects: 0.279600 ms CreateObjectMapping: 0.196500 ms MarkObjects: 3.340000 ms  DeleteObjects: 0.119800 ms)

AssetImportParameters requested are different than current active one (requested -> active):
  custom:video-decoder-ogg-theora: a1e56fd34408186e4bbccfd4996cb3dc -> 
  custom:container-muxer-webm: aa71ff27fc2769a1b78a27578f13a17b -> 
  custom:container-demuxer-webm: 4f35f7cbe854078d1ac9338744f61a02 -> 
  custom:video-encoder-webm-vp8: eb34c28f22e8b96e1ab97ce403110664 -> 
  custom:audio-encoder-webm-vorbis: bf7c407c2cedff20999df2af8eb42d56 -> 
  custom:framework-win-MediaFoundation: 216162199b28c13a410421893ffa2e32 -> 
  custom:container-demuxer-ogg: 62fdf1f143b41e24485cea50d1cbac27 -> 
  custom:video-decoder-webm-vp8: 9c59270c3fd7afecdb556c50c9e8de78 -> 
  custom:audio-decoder-ogg-vorbis: bf7c407c2cedff20999df2af8eb42d56 -> 
========================================================================
Received Import Request.
  Time since last request: 4081.019737 seconds.
  path: Assets/Models/Nature/cliff_half_rock.fbx
  artifactKey: Guid(f71a6e58cc24e9b4f95f9fc0a45633c9) Importer(815301076,1909f56bfc062723c751e8b465ee728b)
Start importing Assets/Models/Nature/cliff_half_rock.fbx using Guid(f71a6e58cc24e9b4f95f9fc0a45633c9) Importer(815301076,1909f56bfc062723c751e8b465ee728b)  -> (artifact id: 'ca3a575d8c14dad27e4aa852a9b9329e') in 0.239158 seconds 
========================================================================
Received Import Request.
  Time since last request: 2.152025 seconds.
  path: Assets/Models/MiniGolf
  artifactKey: Guid(76953fb21fb37c34ea8e1c1ee8124278) Importer(815301076,1909f56bfc062723c751e8b465ee728b)
Start importing Assets/Models/MiniGolf using Guid(76953fb21fb37c34ea8e1c1ee8124278) Importer(815301076,1909f56bfc062723c751e8b465ee728b)  -> (artifact id: '8a50bcb68791245c9786bec8f7bba61e') in 0.006314 seconds 
========================================================================
Received Import Request.
  Time since last request: 0.056997 seconds.
  path: Assets/Models/MiniGolf/ball_blue.fbx
  artifactKey: Guid(9b80ce1c8cfc4514ebcadf1181496b64) Importer(815301076,1909f56bfc062723c751e8b465ee728b)
Start importing Assets/Models/MiniGolf/ball_blue.fbx using Guid(9b80ce1c8cfc4514ebcadf1181496b64) Importer(815301076,1909f56bfc062723c751e8b465ee728b)  -> (artifact id: '249a792f26faaa508efe4f450d292920') in 0.018225 seconds 
========================================================================
Received Import Request.
  Time since last request: 0.000023 seconds.
  path: Assets/Models/MiniGolf/holeSquare.fbx
  artifactKey: Guid(90e64fd4dfc03034980fef13d1eeb2c7) Importer(815301076,1909f56bfc062723c751e8b465ee728b)
Start importing Assets/Models/MiniGolf/holeSquare.fbx using Guid(90e64fd4dfc03034980fef13d1eeb2c7) Importer(815301076,1909f56bfc062723c751e8b465ee728b)  -> (artifact id: '2c03689a647f792963f333ff0c8f5292') in 0.039231 seconds 
========================================================================
Received Import Request.
  Time since last request: 0.000034 seconds.
  path: Assets/Models/MiniGolf/castle.fbx
  artifactKey: Guid(3deefd54e74218a45abd686a9aa65121) Importer(815301076,1909f56bfc062723c751e8b465ee728b)
Start importing Assets/Models/MiniGolf/castle.fbx using Guid(3deefd54e74218a45abd686a9aa65121) Importer(815301076,1909f56bfc062723c751e8b465ee728b)  -> (artifact id: 'ee529df9183631866c2841cb25fb63f9') in 0.039287 seconds 
========================================================================
Received Import Request.
  Time since last request: 0.000031 seconds.
  path: Assets/Models/MiniGolf/club_blue.fbx
  artifactKey: Guid(d8bad4289a871ef458ee79f84903d606) Importer(815301076,1909f56bfc062723c751e8b465ee728b)
Start importing Assets/Models/MiniGolf/club_blue.fbx using Guid(d8bad4289a871ef458ee79f84903d606) Importer(815301076,1909f56bfc062723c751e8b465ee728b)  -> (artifact id: 'e3ea4b27cc955176021ef3bc62a8efab') in 0.046956 seconds 
========================================================================
Received Import Request.
  Time since last request: 0.000029 seconds.
  path: Assets/Models/MiniGolf/rampC.fbx
  artifactKey: Guid(c87bc35bae4b56748b681475077bd508) Importer(815301076,1909f56bfc062723c751e8b465ee728b)
Start importing Assets/Models/MiniGolf/rampC.fbx using Guid(c87bc35bae4b56748b681475077bd508) Importer(815301076,1909f56bfc062723c751e8b465ee728b)  -> (artifact id: '44aedc3576ca31d1e7d132a2ccb8b588') in 0.032625 seconds 
========================================================================
Received Import Request.
  Time since last request: 0.000033 seconds.
  path: Assets/Models/MiniGolf/rampB.fbx
  artifactKey: Guid(3a2bb6f55579ba74faaacc2b51b96206) Importer(815301076,1909f56bfc062723c751e8b465ee728b)
Start importing Assets/Models/MiniGolf/rampB.fbx using Guid(3a2bb6f55579ba74faaacc2b51b96206) Importer(815301076,1909f56bfc062723c751e8b465ee728b)  -> (artifact id: '6781b11b9bf8dbbb204dfc9b2507a332') in 0.035849 seconds 
========================================================================
Received Import Request.
  Time since last request: 0.000026 seconds.
  path: Assets/Models/MiniGolf/club_red.fbx
  artifactKey: Guid(d2eea30121d3f7844abcbeced1b8f00d) Importer(815301076,1909f56bfc062723c751e8b465ee728b)
Start importing Assets/Models/MiniGolf/club_red.fbx using Guid(d2eea30121d3f7844abcbeced1b8f00d) Importer(815301076,1909f56bfc062723c751e8b465ee728b)  -> (artifact id: '4d1d6674688740e6f9f7f3d1164f45ff') in 0.041170 seconds 
========================================================================
Received Import Request.
  Time since last request: 0.000024 seconds.
  path: Assets/Models/MiniGolf/block.fbx
  artifactKey: Guid(6753044141ce441458bd6cbfabe8cb93) Importer(815301076,1909f56bfc062723c751e8b465ee728b)
Start importing Assets/Models/MiniGolf/block.fbx using Guid(6753044141ce441458bd6cbfabe8cb93) Importer(815301076,1909f56bfc062723c751e8b465ee728b)  -> (artifact id: '82527a0b3b388be9d89ac81c1e89631c') in 0.027116 seconds 
========================================================================
Received Import Request.
  Time since last request: 0.000029 seconds.
  path: Assets/Models/MiniGolf/holeOpen.fbx
  artifactKey: Guid(a0ed61f3324e31548844b571e98e178b) Importer(815301076,1909f56bfc062723c751e8b465ee728b)
Start importing Assets/Models/MiniGolf/holeOpen.fbx using Guid(a0ed61f3324e31548844b571e98e178b) Importer(815301076,1909f56bfc062723c751e8b465ee728b)  -> (artifact id: '13eceb47f5d219e4eeb74693ca12d317') in 0.038974 seconds 
========================================================================
Received Import Request.
  Time since last request: 0.000076 seconds.
  path: Assets/Models/MiniGolf/bumpWalls.fbx
  artifactKey: Guid(fb979c8c962bfc04a8efed353c565120) Importer(815301076,1909f56bfc062723c751e8b465ee728b)
Start importing Assets/Models/MiniGolf/bumpWalls.fbx using Guid(fb979c8c962bfc04a8efed353c565120) Importer(815301076,1909f56bfc062723c751e8b465ee728b)  -> (artifact id: '64f907de12418f0d9208131048666643') in 0.035156 seconds 
========================================================================
Received Import Request.
  Time since last request: 0.000041 seconds.
  path: Assets/Models/MiniGolf/holeRound.fbx
  artifactKey: Guid(f837715d0f4d57943a99f68477262fee) Importer(815301076,1909f56bfc062723c751e8b465ee728b)
Start importing Assets/Models/MiniGolf/holeRound.fbx using Guid(f837715d0f4d57943a99f68477262fee) Importer(815301076,1909f56bfc062723c751e8b465ee728b)  -> (artifact id: '805bc06d7a03fa7fdcdc84bda2bdf227') in 0.038489 seconds 
========================================================================
Received Import Request.
  Time since last request: 0.000031 seconds.
  path: Assets/Models/MiniGolf/narrowSquare.fbx
  artifactKey: Guid(69b9f4585290f254c91019c76b5cbdaf) Importer(815301076,1909f56bfc062723c751e8b465ee728b)
Start importing Assets/Models/MiniGolf/narrowSquare.fbx using Guid(69b9f4585290f254c91019c76b5cbdaf) Importer(815301076,1909f56bfc062723c751e8b465ee728b)  -> (artifact id: 'ccda46f70d64efa0cc6d9347d96d8043') in 0.034055 seconds 
========================================================================
Received Import Request.
  Time since last request: 0.000053 seconds.
  path: Assets/Models/MiniGolf/obstacleTriangle.fbx
  artifactKey: Guid(d9059f435ada6b641b086a7ff6c2bac9) Importer(815301076,1909f56bfc062723c751e8b465ee728b)
Start importing Assets/Models/MiniGolf/obstacleTriangle.fbx using Guid(d9059f435ada6b641b086a7ff6c2bac9) Importer(815301076,1909f56bfc062723c751e8b465ee728b)  -> (artifact id: '892b3bc48406e774a04eb00be1318631') in 0.034891 seconds 
========================================================================
Received Import Request.
  Time since last request: 0.000029 seconds.
  path: Assets/Models/MiniGolf/split.fbx
  artifactKey: Guid(fe0707a2f9fa3f84bab27a20c7f5f986) Importer(815301076,1909f56bfc062723c751e8b465ee728b)
Start importing Assets/Models/MiniGolf/split.fbx using Guid(fe0707a2f9fa3f84bab27a20c7f5f986) Importer(815301076,1909f56bfc062723c751e8b465ee728b)  -> (artifact id: 'dd1cfc42cf71070435cd6718ebf8c545') in 0.038205 seconds 
Editor requested this worker to shutdown with reason: Scaling down because of idle timeout
AssetImportWorker is now disconnected from the server
Process exiting
Exiting without the bug reporter. Application will terminate with return code 0